/*C24*/SET SCHEMA PUBLIC
alter table cotacoes_produtos drop constraint FK23E169E695989467
alter table cotacoes_produtos drop constraint FK23E169E65760407
alter table pedidos_produtos drop constraint FK48DF97EB95989467
alter table pedidos_produtos drop constraint FK48DF97EB2482E0AD
drop table cotacoes if exists
drop table cotacoes_produtos if exists
drop table pedidos if exists
drop table pedidos_produtos if exists
drop table produtos if exists
create table cotacoes (id bigint generated by default as identity (start with 1), CPF varchar(255), data_solicitacao timestamp, solicitante varchar(255), primary key (id))
create table cotacoes_produtos (cotacao_id bigint not null, produto_id bigint not null, primary key (cotacao_id, produto_id))
create table pedidos (id bigint generated by default as identity (start with 1), cpf varchar(255), data_pedido timestamp, endereco varchar(255), solicitante varchar(255), total double not null, primary key (id))
create table pedidos_produtos (quantidade integer not null, valor double not null, produto_id bigint, pedido_id bigint, primary key (pedido_id, produto_id))
create table produtos (id bigint generated by default as identity (start with 1), descricao varchar(255), nome varchar(255), quantidade integer not null, valor double not null, primary key (id))
alter table cotacoes_produtos add constraint FK23E169E695989467 foreign key (produto_id) references produtos
alter table cotacoes_produtos add constraint FK23E169E65760407 foreign key (cotacao_id) references cotacoes
alter table pedidos_produtos add constraint FK48DF97EB95989467 foreign key (produto_id) references produtos
alter table pedidos_produtos add constraint FK48DF97EB2482E0AD foreign key (pedido_id) references pedidos
INSERT INTO PRODUTOS VALUES(1,'optico','Mouse',2,43.0E0)
COMMIT
DISCONNECT
/*C25*/SET SCHEMA PUBLIC
INSERT INTO PRODUTOS VALUES(2,'sem fio','teclado',100,22.33E0)
COMMIT
DISCONNECT
/*C26*/SET SCHEMA PUBLIC
DISCONNECT
/*C27*/SET SCHEMA PUBLIC
DISCONNECT
/*C28*/SET SCHEMA PUBLIC
DISCONNECT
/*C29*/SET SCHEMA PUBLIC
DISCONNECT
/*C30*/SET SCHEMA PUBLIC
DISCONNECT
/*C31*/SET SCHEMA PUBLIC
DISCONNECT
/*C32*/SET SCHEMA PUBLIC
DISCONNECT
/*C33*/SET SCHEMA PUBLIC
DISCONNECT
/*C35*/SET SCHEMA PUBLIC
DISCONNECT
/*C36*/SET SCHEMA PUBLIC
DISCONNECT
/*C37*/SET SCHEMA PUBLIC
DISCONNECT
/*C34*/SET SCHEMA PUBLIC
DISCONNECT
/*C39*/SET SCHEMA PUBLIC
DISCONNECT
/*C40*/SET SCHEMA PUBLIC
DISCONNECT
/*C38*/SET SCHEMA PUBLIC
INSERT INTO PEDIDOS VALUES(2,'09090990',NULL,'slkhfjkahsjkda','Teste',87.66E0)
INSERT INTO PEDIDOS_PRODUTOS VALUES(1,43.0E0,1,2)
INSERT INTO PEDIDOS_PRODUTOS VALUES(2,44.66E0,2,2)
DELETE FROM PRODUTOS WHERE ID=1
INSERT INTO PRODUTOS VALUES(1,'optico','Mouse',1,43.0E0)
DELETE FROM PRODUTOS WHERE ID=2
INSERT INTO PRODUTOS VALUES(2,'sem fio','teclado',98,22.33E0)
COMMIT
DISCONNECT
/*C41*/SET SCHEMA PUBLIC
DISCONNECT
/*C42*/SET SCHEMA PUBLIC
DISCONNECT
/*C44*/SET SCHEMA PUBLIC
DISCONNECT
/*C45*/SET SCHEMA PUBLIC
DISCONNECT
/*C46*/SET SCHEMA PUBLIC
DISCONNECT
/*C43*/SET SCHEMA PUBLIC
DISCONNECT
/*C48*/SET SCHEMA PUBLIC
DISCONNECT
/*C49*/SET SCHEMA PUBLIC
DISCONNECT
/*C50*/SET SCHEMA PUBLIC
DISCONNECT
/*C51*/SET SCHEMA PUBLIC
DISCONNECT
/*C52*/SET SCHEMA PUBLIC
DISCONNECT
/*C53*/SET SCHEMA PUBLIC
DISCONNECT
/*C54*/SET SCHEMA PUBLIC
DISCONNECT
/*C55*/SET SCHEMA PUBLIC
DISCONNECT
/*C56*/SET SCHEMA PUBLIC
DISCONNECT
/*C47*/SET SCHEMA PUBLIC
DISCONNECT
/*C57*/SET SCHEMA PUBLIC
DISCONNECT
/*C59*/SET SCHEMA PUBLIC
DISCONNECT
/*C60*/SET SCHEMA PUBLIC
DISCONNECT
/*C58*/SET SCHEMA PUBLIC
DISCONNECT
/*C61*/SET SCHEMA PUBLIC
DISCONNECT
/*C63*/SET SCHEMA PUBLIC
DISCONNECT
/*C64*/SET SCHEMA PUBLIC
DISCONNECT
/*C62*/SET SCHEMA PUBLIC
DISCONNECT
